Microsoft (R) Macro Assembler Version 6.11		    09/10/18 14:51:06
my.asm							     Page 1 - 1


				INCLUDE Irvine16.inc
			      C ; Irvine16.inc - Include file for programs using
			      C ; the Irvine16.lib (Real-address mode library).
			      C 
			      C ; Last update: 12/11/02
			      C 
			      C .NOLIST
			      C .LIST
			      C 

 0000				.data
 0000 48 65 6C 6C 6F 20		abc BYTE "Hello Worl",0
       57 6F 72 6C 00
 0000				.code
 0000				main proc
 0000  B8 ---- R		mov ax,@data
 0003  8E D8			mov ds,ax
 0005  BA 0000 R		mov dx, offset abc
 0008  E8 0000 E		call WriteString

 000B				main endp
				end main
Microsoft (R) Macro Assembler Version 6.11		    09/10/18 14:51:06
my.asm							     Symbols 2 - 1




Structures and Unions:

                N a m e                  Size
                                         Offset      Type

CursorPosStruc . . . . . . . . .	 0002
  Ycoord . . . . . . . . . . . .	 0000	     Byte
  Xcoord . . . . . . . . . . . .	 0001	     Byte
ExtGetDskFreSpcStruc . . . . . .	 002C
  StructSize . . . . . . . . . .	 0000	     Word
  Level  . . . . . . . . . . . .	 0002	     Word
  SectorsPerCluster  . . . . . .	 0004	     DWord
  BytesPerSector . . . . . . . .	 0008	     DWord
  AvailableClusters  . . . . . .	 000C	     DWord
  TotalClusters  . . . . . . . .	 0010	     DWord
  AvailablePhysSectors . . . . .	 0014	     DWord
  TotalPhysSectors . . . . . . .	 0018	     DWord
  AvailableAllocationUnits . . .	 001C	     DWord
  TotalAllocationUnits . . . . .	 0020	     DWord
  Rsvd . . . . . . . . . . . . .	 0024	     DWord
TimeRecord . . . . . . . . . . .	 0004
  hours  . . . . . . . . . . . .	 0000	     Byte
  minutes  . . . . . . . . . . .	 0001	     Byte
  seconds  . . . . . . . . . . .	 0002	     Byte
  hhss . . . . . . . . . . . . .	 0003	     Byte
VideoInfoStruc . . . . . . . . .	 0041
  supportedInfoPtr . . . . . . .	 0000	     DWord
  videoMode  . . . . . . . . . .	 0004	     Byte
  numCharColumns . . . . . . . .	 0005	     Word
  videoBufferLen . . . . . . . .	 0007	     Word
  videoBufferStartPtr  . . . . .	 0009	     Word
  cursors  . . . . . . . . . . .	 000B	     Word
  cursorStartLine  . . . . . . .	 001B	     Byte
  cursorEndLine  . . . . . . . .	 001C	     Byte
  activeDisplayPage  . . . . . .	 001D	     Byte
  adapterBasePortAddr  . . . . .	 001E	     Word
  currentRegister3B8or3D8  . . .	 0020	     Byte
  currentRegister3B9or3D9  . . .	 0021	     Byte
  numCharRows  . . . . . . . . .	 0022	     Byte
  characterScanHeight  . . . . .	 0023	     Word
  activeDisplayCode  . . . . . .	 0025	     Byte
  inactiveDisplayCode  . . . . .	 0026	     Byte
  numberOfColors . . . . . . . .	 0027	     Word
  numberOfVideoPages . . . . . .	 0029	     Byte
  numberOfScanLines  . . . . . .	 002A	     Word
  primaryCharBlock . . . . . . .	 002C	     Byte
  secondaryCharBlock . . . . . .	 002D	     Byte
  miscStateInfo  . . . . . . . .	 002E	     Byte
  videoMemAvail  . . . . . . . .	 0032	     Byte
  savePointerStateInfo . . . . .	 0033	     Byte


Segments and Groups:

                N a m e                 Size     Length   Align   Combine Class

DGROUP . . . . . . . . . . . . .	GROUP
_DATA  . . . . . . . . . . . . .	16 Bit	 000B	  Word	  Public  'DATA'	
STACK  . . . . . . . . . . . . .	16 Bit	 0200	  Para	  Stack	  'STACK'	 
_TEXT  . . . . . . . . . . . . .	16 Bit	 000B	  Word	  Public  'CODE'	


Procedures,  parameters and locals:

                N a m e                 Type     Value    Attr

ClrScr . . . . . . . . . . . . .	P Near	 0000	  Length= 0000 External STDCALL
Crlf . . . . . . . . . . . . . .	P Near	 0000	  Length= 0000 External STDCALL
Delay  . . . . . . . . . . . . .	P Near	 0000	  Length= 0000 External STDCALL
DumpMem  . . . . . . . . . . . .	P Near	 0000	  Length= 0000 External STDCALL
DumpRegs . . . . . . . . . . . .	P Near	 0000	  Length= 0000 External STDCALL
GetCommandtail . . . . . . . . .	P Near	 0000	  Length= 0000 External STDCALL
GetMaxXY . . . . . . . . . . . .	P Near	 0000	  Length= 0000 External STDCALL
GetMseconds  . . . . . . . . . .	P Near	 0000	  Length= 0000 External STDCALL
Get_Time . . . . . . . . . . . .	P Near	 0000	  Length= 0000 External STDCALL
Gotoxy . . . . . . . . . . . . .	P Near	 0000	  Length= 0000 External STDCALL
IsDigit  . . . . . . . . . . . .	P Near	 0000	  Length= 0000 External STDCALL
Random32 . . . . . . . . . . . .	P Near	 0000	  Length= 0000 External STDCALL
RandomRange  . . . . . . . . . .	P Near	 0000	  Length= 0000 External STDCALL
Randomize  . . . . . . . . . . .	P Near	 0000	  Length= 0000 External STDCALL
ReadChar . . . . . . . . . . . .	P Near	 0000	  Length= 0000 External STDCALL
ReadHex  . . . . . . . . . . . .	P Near	 0000	  Length= 0000 External STDCALL
ReadInt  . . . . . . . . . . . .	P Near	 0000	  Length= 0000 External STDCALL
ReadString . . . . . . . . . . .	P Near	 0000	  Length= 0000 External STDCALL
Str_compare  . . . . . . . . . .	P Near	 0000	  Length= 0000 External STDCALL
Str_copy . . . . . . . . . . . .	P Near	 0000	  Length= 0000 External STDCALL
Str_length . . . . . . . . . . .	P Near	 0000	  Length= 0000 External STDCALL
Str_trim . . . . . . . . . . . .	P Near	 0000	  Length= 0000 External STDCALL
Str_ucase  . . . . . . . . . . .	P Near	 0000	  Length= 0000 External STDCALL
WaitMsg  . . . . . . . . . . . .	P Near	 0000	  Length= 0000 External STDCALL
WriteBinB  . . . . . . . . . . .	P Near	 0000	  Length= 0000 External STDCALL
WriteBin . . . . . . . . . . . .	P Near	 0000	  Length= 0000 External STDCALL
WriteChar  . . . . . . . . . . .	P Near	 0000	  Length= 0000 External STDCALL
WriteDec . . . . . . . . . . . .	P Near	 0000	  Length= 0000 External STDCALL
WriteHexB  . . . . . . . . . . .	P Near	 0000	  Length= 0000 External STDCALL
WriteHex . . . . . . . . . . . .	P Near	 0000	  Length= 0000 External STDCALL
WriteInt . . . . . . . . . . . .	P Near	 0000	  Length= 0000 External STDCALL
WriteString  . . . . . . . . . .	P Near	 0000	  Length= 0000 External STDCALL
main . . . . . . . . . . . . . .	P Near	 0000	  _TEXT	Length= 000B Public STDCALL


Symbols:

                N a m e                 Type     Value    Attr

@CodeSize  . . . . . . . . . . .	Number	 0000h	 
@DataSize  . . . . . . . . . . .	Number	 0000h	 
@Interface . . . . . . . . . . .	Number	 0003h	 
@Model . . . . . . . . . . . . .	Number	 0002h	 
@cmdline . . . . . . . . . . . .	Text   	 OFFSET __98765765cmdline
@code  . . . . . . . . . . . . .	Text   	 _TEXT
@data  . . . . . . . . . . . . .	Text   	 DGROUP
@fardata?  . . . . . . . . . . .	Text   	 FAR_BSS
@fardata . . . . . . . . . . . .	Text   	 FAR_DATA
@stack . . . . . . . . . . . . .	Text   	 DGROUP
abc  . . . . . . . . . . . . . .	Byte	 0000	  _DATA	
black  . . . . . . . . . . . . .	Number	 0000h	 
blue . . . . . . . . . . . . . .	Number	 0001h	 
brown  . . . . . . . . . . . . .	Number	 0006h	 
cyan . . . . . . . . . . . . . .	Number	 0003h	 
exit . . . . . . . . . . . . . .	Text   	 .EXIT
gray . . . . . . . . . . . . . .	Number	 0008h	 
green  . . . . . . . . . . . . .	Number	 0002h	 
lightBlue  . . . . . . . . . . .	Number	 0009h	 
lightCyan  . . . . . . . . . . .	Number	 000Bh	 
lightGray  . . . . . . . . . . .	Number	 0007h	 
lightGreen . . . . . . . . . . .	Number	 000Ah	 
lightMagenta . . . . . . . . . .	Number	 000Dh	 
lightRed . . . . . . . . . . . .	Number	 000Ch	 
magenta  . . . . . . . . . . . .	Number	 0005h	 
red  . . . . . . . . . . . . . .	Number	 0004h	 
white  . . . . . . . . . . . . .	Number	 000Fh	 
yellow . . . . . . . . . . . . .	Number	 000Eh	 

	   0 Warnings
	   0 Errors
